------ IPMsg ver4.51 -----
 Date        : 2017/07/13 15:12:33
 Start       : 2017/07/13 15:12:33
 OS Infos    : 06/01/1db0/00/00/100
 Mod Addr    : 00400000
 Code/Addr   : C0000005 / 750FF111
 AX/BX/CX/DX : 00000000 / 0012f120 / 00778bb0 / 750c6f3d
 SI/DI/BP/SP : 00000000 / 00000000 / 0012f0c8 / 0012f0bc
----- pre stack info ---
00000000 00000000 00000000 00000000 00000000 00000000 00000000 00000000
00000000 00000000 00000000 00000000 00000000 00000000 00000000 00000000
00000000 00000000 00000000 00000000 00000000 00000000 00000000 00000000
00000000 00000000 00000000 00000000 00000000 00000000 00000000 00000000
00000000 00000000 00000000 00000000 00000000 00000000 00000000 00000000
00000000 00000000 00000000 00000000 00000000 00000000 00000000 00000000
00000000 00000000 8A779BBC 00000001 86496298 807C3120 00000000 91416100
00000000 00000000 FFFFFD34 000002E4 FFFFFD34 000002CC 00000018 00000000
------- stack info -----
00778BB0 00000000 0012F120 0012F0E4 750FF2B2 00000000 0012F120 00000000
00000000 00778BB0 0012F100 750FF5FF 00000000 0012F120 0012F148 00000000
00000000 0012F12C 00475CCE 00771260 00000000 00000000 00000000 001F4F28
001F4F28 00000000 00771260 00771260 0012F354 00475C15 75EB98DA 0012F3EC
001F4F28 00771260 00771260 00182CDC 001C0000 00000003 77AB2149 00000029
00000045 00000002 6A00006A 00000029 00000001 001FBC98 75E6B6C9 75EA48A8
00000000 001C017C 00000000 001C0150 75E6B665 0012F3C8 001F6F38 001C1A00
FFFFFFFE 00000029 00000000 0100F200 00000000 00000148 0101F1CC 00000003
01922210 01920000 01927FE0 001836A4 FFFFFFFE 77AB316F 00000000 00000BB7
001C0000 001C0000 001FEFE8 00000000 001FEFE8 0012F214 77ABA5E0 001FEFE8
001FEFE0 001C0000 77ABA563 001FBFE8 001C0000 001FBFE0 0012F248 001FBC90
001C0000 00000000 00002F50 0000066A 001C0000 00000000 000005EA 001C00C4
001C2B78 00000460 001FBC90 001C0000 001FEFE0 001FBC90 00000000 001C0000
00000000 0000020A 0012F350 00000460 001C0000 001FBC90 0012F350 77AB3470
77AB349F 77A1CD4C 001F51CC 001C4B8C 001C0000 001C2B78 001C2B78 01922218
01922213 00000000 0036372E 01920000 0000020A 0012F100 001C2B78 0012F3C8
001FBC98 001836C4 FFFFFFFE 77AB349F 00000460 0000000C 0000066A 01922212
01922210 00000000 748C3744 001C1A00 01FFFFFE 0012F238 77AB34CA 00000000
77A7D74D 000007FF 6A00006A 001C00C4 00000001 75E676A0 00000002 00000008
001C00C4 001FBC98 001FBC93 00000000 00FFFFFF 001C0000 01000000 0012F280
01922218 0012FB38 77A7D74D 001836C4 FFFFFFFE 583DF09B 0012F3FC 0043A906
583DF033 0012F3EC 001F4F7C 001F51CC 000022F8 001F4F28 000000E8 74750000
0012F3D8 74797A79 00000000 00000000 747978D4 00000000 00000000 748C3460
77AA536C 75E6E537 FFFFFFFF 0012F3CC 0012F3D0 00000020 0012F3F8 0012F3EC
764F50AB 0012F3DC 75E6E50E FFFFFFFF 0052A000 00001000 00000020 0012F3F8
0012F3FC 0047688D 0052A197 00000008 583DF033 0012FB38 0054CEE8 FFFFFFFF
0012FB44 00439DCD 583DF88B 000000CC 00400000 0012FF10 00000000 00000020
00000040 00000000 00000000 00000000 00000040 005C9A40 001F4F28 00000000
00000100 00000030 00000001 77739CE1 5829DDA1 0B01078D 001F4F28 001C0000
001F4F20 00000000 90000191 00000000 001F5360 001C00C4 001F2B18 00000888
001C0000 01000000 001F4F20 0012F578 77AB3193 001C0138 77AB316F 77A1CB64
00000000 001F4F28 00000000 001FBC98 555C3A43 73726573 5653445C 5C32302D
---- reg point info ----
    2cf11200 ce5c4700 60127700 00000000 00000000 00000000 284f1f00 284f1f00
Ebx 00000000 60127700 60127700 54f31200 155c4700 da98eb75 ecf31200 284f1f00
    60127700 60127700 dc2c1800 00001c00 03000000 4921ab77 29000000 45000000

    00000000 00000000 00000000 00000000 00000000 00000000 74a69143 d3f80008
Ecx 6c6a0c75 01000000 b88a2000 ffffffff 00000000 00000000 00000000 00000000
    01000000 00000000 00000000 00000000 00000000 00000000 00000000 00000000

    0e0f759c 0e0f7589 760f7506 780f758b 780f75d6 850f7546 860f7590 90909090
Edx 8bff558b ec8b4508 83c00450 ff150812 0c755dc2 04009090 9090908b ff558bec
    837d0800 560f8458 5901008b 750c85f6 0f844d59 0100538b 5d1485db 0f84f958

    e4020000 34fdffff cc020000 18000000 00000000 b08b7700 00000000 20f11200
Ebp e4f01200 b2f20f75 00000000 20f11200 00000000 00000000 b08b7700 00f11200
    fff50f75 00000000 20f11200 48f11200 00000000 00000000 2cf11200 ce5c4700

    00000000 00000000 34fdffff e4020000 34fdffff cc020000 18000000 00000000
Esp b08b7700 00000000 20f11200 e4f01200 b2f20f75 00000000 20f11200 00000000
    00000000 b08b7700 00f11200 fff50f75 00000000 20f11200 48f11200 00000000

    5f5e740b 50c64018 00ff1528 120c75c3 90909090 908bff55 8bec5356 578b7d08
Eip 8b57048b f18b4f08 8d462850 5152e8f9 fcffff8b d885db7d 0d536888 f10f75e8
    4b8ffdff eb448b47 0c50ff15 18411275 89463885 c07522bb 0e000780 536888f1

------------------------

------ IPMsg ver4.51 -----
 Date        : 2017/07/13 15:15:15
 Start       : 2017/07/13 15:15:15
 OS Infos    : 06/01/1db0/00/00/100
 Mod Addr    : 00400000
 Code/Addr   : C0000005 / 74D7F111
 AX/BX/CX/DX : 00000000 / 0012f120 / 00028bb0 / 74d46f3d
 SI/DI/BP/SP : 00000000 / 00000000 / 0012f0c8 / 0012f0bc
----- pre stack info ---
20202000 20202020 00000000 00000000 00000000 00000000 00000000 00000000
00000000 00000000 00000000 00000000 00000000 00000000 00000000 00000000
00000000 00000000 00000000 00000000 00000000 00000000 00000000 00000000
00000000 00000000 00000000 00000000 00000000 00000000 00000000 00000000
00000000 00000000 00000000 00000000 00000000 00000000 00000000 00000000
00000000 00000000 00000000 00000000 00000000 00000000 00000000 00000000
00000000 00000000 8A7BDBBC 00000001 8654C820 807C3120 00000000 92212000
00000000 00000000 FFFFFD34 000002E4 FFFFFD34 000002CC 00000018 00000000
------- stack info -----
00028BB0 00000000 0012F120 0012F0E4 74D7F2B2 00000000 0012F120 00000000
00000000 00028BB0 0012F100 74D7F5FF 00000000 0012F120 0012F148 00000000
00000000 0012F12C 00475CCE 00021260 00000000 00000000 00000000 001A4F28
001A4F28 00000000 00021260 00021260 0012F354 00475C15 76F098DA 0012F3EC
001A4F28 00021260 00021260 000832E1 00170000 00000003 77732149 00000029
00000045 00000002 6A00006A 00000029 00000001 001ABC98 758EB6C9 759248A8
00000000 0017017C 00000000 00170150 758EB665 0012F3C8 001A6F38 00171A00
FFFFFFFE 00000029 00000000 0100F200 00000000 00000148 0101F1CC 00000003
01392210 01390000 01397FE0 00082899 FFFFFFFE 7773316F 00000000 00000BB7
00170000 00170000 001AEFE8 00000000 001AEFE8 0012F214 7773A5E0 001AEFE8
001AEFE0 00170000 7773A563 001ABFE8 00170000 001ABFE0 0012F248 001ABC90
00170000 00000000 00002F50 0000066A 00170000 00000000 000005EA 001700C4
00172B78 00000460 001ABC90 00170000 001AEFE0 001ABC90 00000000 00170000
00000000 0000020A 0012F350 00000460 00170000 001ABC90 0012F350 77733470
7773349F 7769D371 001A51CC 00174B8C 00170000 00172B78 00172B78 01392218
01392213 00000000 0036372E 01390000 0000020A 0012F100 00172B78 0012F3C8
001ABC98 000828F9 FFFFFFFE 7773349F 00000460 0000000C 0000066A 01392212
01392210 00000000 744B3744 00171A00 01FFFFFE 0012F238 777334CA 00000000
776FD74D 000007FF 6A00006A 001700C4 00000001 758E76A0 00000002 00000008
001700C4 001ABC98 001ABC93 00000000 00FFFFFF 00170000 01000000 0012F280
01392218 0012FB38 776FD74D 000828F9 FFFFFFFE B8567705 0012F3FC 0043A906
B85677AD 0012F3EC 001A4F7C 001A51CC 000022F8 001A4F28 000000E8 74340000
0012F3D8 74387A79 00000000 00000000 743878D4 00000000 00000000 744B3460
7772536C 758EE537 FFFFFFFF 0012F3CC 0012F3D0 00000020 0012F3F8 0012F3EC
775A50AB 0012F3DC 758EE50E FFFFFFFF 0052A000 00001000 00000020 0012F3F8
0012F3FC 0047688D 0052A197 00000008 B85677AD 0012FB38 0054CEE8 FFFFFFFF
0012FB44 00439DCD B8567F15 000000CC 00400000 0012FF10 00000000 00000020
00000040 00000000 00000000 00000000 00000040 005C9A40 001A4F28 00000000
00000100 00000030 00000001 76EB9CE1 B844BBC2 0901079B 001A4F28 00170000
001A4F20 00000000 90000191 00000000 001A5360 001700C4 001A2B18 00000888
00170000 01000000 001A4F20 0012F578 77733193 00170138 7773316F 7769D559
00000000 001A4F28 00000000 001ABC98 555C3A43 73726573 5653445C 5C32302D
---- reg point info ----
    2cf11200 ce5c4700 60120200 00000000 00000000 00000000 284f1a00 284f1a00
Ebx 00000000 60120200 60120200 54f31200 155c4700 da98f076 ecf31200 284f1a00
    60120200 60120200 e1320800 00001700 03000000 49217377 29000000 45000000

    00000000 00000000 00000000 00000000 00000000 00000000 b5db1742 3b9d0008
Ecx 6c6ad474 01000000 b88a1b00 ffffffff 00000000 00000000 00000000 00000000
    01000000 00000000 00000000 00000000 00000000 00000000 00000000 00000000

    0ed7749c 0ed77489 76d77406 78d7748b 78d774d6 85d77446 86d77490 90909090
Edx 8bff558b ec8b4508 83c00450 ff150812 d4745dc2 04009090 9090908b ff558bec
    837d0800 560f8458 5901008b 750c85f6 0f844d59 0100538b 5d1485db 0f84f958

    e4020000 34fdffff cc020000 18000000 00000000 b08b0200 00000000 20f11200
Ebp e4f01200 b2f2d774 00000000 20f11200 00000000 00000000 b08b0200 00f11200
    fff5d774 00000000 20f11200 48f11200 00000000 00000000 2cf11200 ce5c4700

    00000000 00000000 34fdffff e4020000 34fdffff cc020000 18000000 00000000
Esp b08b0200 00000000 20f11200 e4f01200 b2f2d774 00000000 20f11200 00000000
    00000000 b08b0200 00f11200 fff5d774 00000000 20f11200 48f11200 00000000

    5f5e740b 50c64018 00ff1528 12d474c3 90909090 908bff55 8bec5356 578b7d08
Eip 8b57048b f18b4f08 8d462850 5152e8f9 fcffff8b d885db7d 0d536888 f1d774e8
    4b8ffdff eb448b47 0c50ff15 1841da74 89463885 c07522bb 0e000780 536888f1

------------------------

